{"total": {"lines":{"total":108,"covered":103,"skipped":0,"pct":95.37},"statements":{"total":154,"covered":146,"skipped":0,"pct":94.8},"functions":{"total":85,"covered":80,"skipped":0,"pct":94.11},"branches":{"total":35,"covered":31,"skipped":0,"pct":88.57},"branchesTrue":{"total":0,"covered":0,"skipped":0,"pct":100}}
,"/Users/ryandurling/products/sand/src/lib/asyncResult.ts": {"lines":{"total":30,"covered":29,"skipped":0,"pct":96.66},"functions":{"total":35,"covered":34,"skipped":0,"pct":97.14},"statements":{"total":45,"covered":44,"skipped":0,"pct":97.77},"branches":{"total":0,"covered":0,"skipped":0,"pct":100}}
,"/Users/ryandurling/products/sand/src/lib/maybe.ts": {"lines":{"total":19,"covered":18,"skipped":0,"pct":94.73},"functions":{"total":14,"covered":13,"skipped":0,"pct":92.85},"statements":{"total":21,"covered":20,"skipped":0,"pct":95.23},"branches":{"total":6,"covered":6,"skipped":0,"pct":100}}
,"/Users/ryandurling/products/sand/src/lib/result.ts": {"lines":{"total":26,"covered":23,"skipped":0,"pct":88.46},"functions":{"total":22,"covered":19,"skipped":0,"pct":86.36},"statements":{"total":28,"covered":25,"skipped":0,"pct":89.28},"branches":{"total":0,"covered":0,"skipped":0,"pct":100}}
,"/Users/ryandurling/products/sand/src/lib/util/index.ts": {"lines":{"total":33,"covered":33,"skipped":0,"pct":100},"functions":{"total":14,"covered":14,"skipped":0,"pct":100},"statements":{"total":60,"covered":57,"skipped":0,"pct":95},"branches":{"total":29,"covered":25,"skipped":0,"pct":86.2}}
}
