TN:
SF:src/lib/asyncResult.ts
FN:5,(anonymous_0)
FN:6,(anonymous_1)
FN:6,(anonymous_2)
FN:7,(anonymous_3)
FN:7,(anonymous_4)
FN:8,(anonymous_5)
FN:8,(anonymous_6)
FN:9,(anonymous_7)
FN:9,(anonymous_8)
FN:10,(anonymous_9)
FN:10,(anonymous_10)
FN:11,(anonymous_11)
FN:11,(anonymous_12)
FN:11,(anonymous_13)
FN:12,(anonymous_14)
FN:13,(anonymous_15)
FN:14,(anonymous_16)
FN:14,(anonymous_17)
FN:14,(anonymous_18)
FN:15,(anonymous_19)
FN:16,(anonymous_20)
FN:17,(anonymous_21)
FN:19,(anonymous_22)
FN:24,(anonymous_23)
FN:24,(anonymous_24)
FN:25,(anonymous_25)
FN:25,(anonymous_26)
FN:26,(anonymous_27)
FN:26,(anonymous_28)
FN:30,(anonymous_29)
FN:40,(anonymous_30)
FN:49,(anonymous_31)
FN:63,(anonymous_32)
FN:64,(anonymous_33)
FN:65,(anonymous_34)
FNF:35
FNH:34
FNDA:44,(anonymous_0)
FNDA:16,(anonymous_1)
FNDA:16,(anonymous_2)
FNDA:2,(anonymous_3)
FNDA:2,(anonymous_4)
FNDA:12,(anonymous_5)
FNDA:12,(anonymous_6)
FNDA:4,(anonymous_7)
FNDA:4,(anonymous_8)
FNDA:4,(anonymous_9)
FNDA:4,(anonymous_10)
FNDA:4,(anonymous_11)
FNDA:4,(anonymous_12)
FNDA:4,(anonymous_13)
FNDA:2,(anonymous_14)
FNDA:2,(anonymous_15)
FNDA:4,(anonymous_16)
FNDA:4,(anonymous_17)
FNDA:4,(anonymous_18)
FNDA:2,(anonymous_19)
FNDA:2,(anonymous_20)
FNDA:4,(anonymous_21)
FNDA:4,(anonymous_22)
FNDA:4,(anonymous_23)
FNDA:4,(anonymous_24)
FNDA:4,(anonymous_25)
FNDA:4,(anonymous_26)
FNDA:8,(anonymous_27)
FNDA:8,(anonymous_28)
FNDA:0,(anonymous_29)
FNDA:1,(anonymous_30)
FNDA:1,(anonymous_31)
FNDA:6,(anonymous_32)
FNDA:3,(anonymous_33)
FNDA:3,(anonymous_34)
DA:1,1
DA:3,1
DA:5,44
DA:6,16
DA:7,2
DA:8,12
DA:9,4
DA:10,4
DA:11,4
DA:12,2
DA:13,2
DA:14,4
DA:15,2
DA:16,2
DA:18,4
DA:19,4
DA:20,4
DA:21,4
DA:24,4
DA:25,4
DA:26,8
DA:27,8
DA:28,8
DA:30,0
DA:40,1
DA:49,1
DA:63,6
DA:64,3
DA:65,3
DA:80,1
LF:30
LH:29
BRF:0
BRH:0
end_of_record
TN:
SF:src/lib/maybe.ts
FN:9,(anonymous_0)
FN:11,(anonymous_1)
FN:12,(anonymous_2)
FN:13,(anonymous_3)
FN:14,(anonymous_4)
FN:15,(anonymous_5)
FN:23,(anonymous_6)
FN:25,(anonymous_7)
FN:26,(anonymous_8)
FN:27,(anonymous_9)
FN:28,(anonymous_10)
FN:29,(anonymous_11)
FN:32,(anonymous_12)
FN:52,(anonymous_13)
FNF:14
FNH:13
FNDA:67,(anonymous_0)
FNDA:22,(anonymous_1)
FNDA:2,(anonymous_2)
FNDA:41,(anonymous_3)
FNDA:2,(anonymous_4)
FNDA:19,(anonymous_5)
FNDA:17,(anonymous_6)
FNDA:7,(anonymous_7)
FNDA:0,(anonymous_8)
FNDA:8,(anonymous_9)
FNDA:2,(anonymous_10)
FNDA:3,(anonymous_11)
FNDA:31,(anonymous_12)
FNDA:33,(anonymous_13)
DA:2,4
DA:9,67
DA:11,22
DA:12,2
DA:13,41
DA:14,2
DA:15,19
DA:23,17
DA:25,7
DA:26,0
DA:27,8
DA:28,2
DA:29,3
DA:32,4
DA:33,31
DA:34,31
DA:52,4
DA:55,33
DA:65,4
LF:19
LH:18
BRDA:34,0,0,31
BRDA:34,0,1,27
BRDA:34,0,2,26
BRDA:54,1,0,31
BRDA:55,2,0,7
BRDA:55,2,1,26
BRF:6
BRH:6
end_of_record
TN:
SF:src/lib/result.ts
FN:11,(anonymous_0)
FN:14,(anonymous_1)
FN:15,(anonymous_2)
FN:16,(anonymous_3)
FN:17,(anonymous_4)
FN:18,(anonymous_5)
FN:19,(anonymous_6)
FN:20,(anonymous_7)
FN:21,(anonymous_8)
FN:25,(anonymous_9)
FN:26,(anonymous_10)
FN:37,(anonymous_11)
FN:40,(anonymous_12)
FN:41,(anonymous_13)
FN:42,(anonymous_14)
FN:43,(anonymous_15)
FN:44,(anonymous_16)
FN:45,(anonymous_17)
FN:46,(anonymous_18)
FN:47,(anonymous_19)
FN:48,(anonymous_20)
FN:52,(anonymous_21)
FNF:22
FNH:19
FNDA:29,(anonymous_0)
FNDA:15,(anonymous_1)
FNDA:9,(anonymous_2)
FNDA:0,(anonymous_3)
FNDA:3,(anonymous_4)
FNDA:3,(anonymous_5)
FNDA:1,(anonymous_6)
FNDA:1,(anonymous_7)
FNDA:7,(anonymous_8)
FNDA:7,(anonymous_9)
FNDA:0,(anonymous_10)
FNDA:29,(anonymous_11)
FNDA:3,(anonymous_12)
FNDA:4,(anonymous_13)
FNDA:15,(anonymous_14)
FNDA:3,(anonymous_15)
FNDA:3,(anonymous_16)
FNDA:1,(anonymous_17)
FNDA:1,(anonymous_18)
FNDA:7,(anonymous_19)
FNDA:7,(anonymous_20)
FNDA:0,(anonymous_21)
DA:1,2
DA:11,29
DA:14,15
DA:15,9
DA:16,0
DA:17,3
DA:18,3
DA:19,1
DA:20,1
DA:22,7
DA:23,7
DA:25,7
DA:26,0
DA:37,29
DA:40,3
DA:41,4
DA:42,15
DA:43,3
DA:44,3
DA:45,1
DA:46,1
DA:47,7
DA:49,7
DA:50,7
DA:52,0
DA:65,2
LF:26
LH:23
BRF:0
BRH:0
end_of_record
TN:
SF:src/lib/util/index.ts
FN:5,(anonymous_0)
FN:16,(anonymous_1)
FN:18,(anonymous_2)
FN:49,(anonymous_3)
FN:52,(anonymous_4)
FN:53,(anonymous_5)
FN:54,(anonymous_6)
FN:57,(anonymous_7)
FN:60,(anonymous_8)
FN:76,(anonymous_9)
FN:100,(anonymous_10)
FN:112,(anonymous_11)
FN:118,(anonymous_12)
FN:147,(anonymous_13)
FNF:14
FNH:14
FNDA:229,(anonymous_0)
FNDA:142,(anonymous_1)
FNDA:19,(anonymous_2)
FNDA:2,(anonymous_3)
FNDA:6,(anonymous_4)
FNDA:5,(anonymous_5)
FNDA:5,(anonymous_6)
FNDA:3,(anonymous_7)
FNDA:260,(anonymous_8)
FNDA:114,(anonymous_9)
FNDA:229,(anonymous_10)
FNDA:4,(anonymous_11)
FNDA:148,(anonymous_12)
FNDA:39,(anonymous_13)
DA:3,4
DA:5,4
DA:6,229
DA:7,228
DA:8,227
DA:9,226
DA:10,224
DA:11,220
DA:12,216
DA:13,151
DA:16,142
DA:18,19
DA:49,4
DA:52,6
DA:53,5
DA:54,2
DA:57,5
DA:60,4
DA:61,260
DA:62,249
DA:63,238
DA:76,114
DA:100,4
DA:101,229
DA:106,75
DA:109,5
DA:111,4
DA:112,4
DA:116,121
DA:117,121
DA:118,148
DA:121,24
DA:147,39
LF:33
LH:33
BRDA:6,0,0,1
BRDA:7,1,0,1
BRDA:8,2,0,1
BRDA:9,3,0,2
BRDA:10,4,0,4
BRDA:11,5,0,4
BRDA:12,6,0,65
BRDA:18,7,0,19
BRDA:18,7,1,19
BRDA:55,8,0,1
BRDA:61,9,0,11
BRDA:62,10,0,11
BRDA:101,11,0,8
BRDA:101,11,1,16
BRDA:101,11,2,24
BRDA:101,11,3,75
BRDA:101,11,4,1
BRDA:101,11,5,5
BRDA:101,11,6,4
BRDA:101,11,7,65
BRDA:101,11,8,121
BRDA:101,11,9,24
BRDA:101,12,0,229
BRDA:101,12,1,151
BRDA:112,13,0,4
BRDA:112,13,1,4
BRDA:117,14,0,4
BRDA:118,15,0,148
BRDA:118,15,1,142
BRF:29
BRH:29
end_of_record
